2019-10-31 17:47:05,786 Main INFO =========================================
2019-10-31 17:47:05,786 Main INFO Epoch 0, Phase test
2019-10-31 17:47:05,786 Main INFO =========================================
2019-10-31 17:47:05,786 Main INFO loss: 0.9021;
2019-10-31 17:47:05,786 Main INFO accuracy: 0.6509;
2019-10-31 17:47:05,786 Main INFO _cls_loss: 0.0000;
2019-10-31 17:47:05,786 Main INFO _cls_accuracy: 0.0000;
2019-10-31 17:50:14,367 Main INFO =========================================
2019-10-31 17:50:14,368 Main INFO Epoch 0, Phase train
2019-10-31 17:50:14,368 Main INFO =========================================
2019-10-31 17:50:14,368 Main INFO loss: 0.6824;
2019-10-31 17:50:14,368 Main INFO accuracy: 0.7461;
2019-10-31 17:50:14,369 Main INFO _cls_loss: 1.0319;
2019-10-31 17:50:14,369 Main INFO _cls_accuracy: 0.7302;
2019-10-31 17:52:43,737 Main INFO =========================================
2019-10-31 17:52:43,737 Main INFO Epoch 1, Phase test
2019-10-31 17:52:43,737 Main INFO =========================================
2019-10-31 17:52:43,737 Main INFO loss: 0.8901;
2019-10-31 17:52:43,737 Main INFO accuracy: 0.6576;
2019-10-31 17:52:43,737 Main INFO _cls_loss: 0.0000;
2019-10-31 17:52:43,737 Main INFO _cls_accuracy: 0.0000;
2019-10-31 17:56:16,020 Main INFO =========================================
2019-10-31 17:56:16,020 Main INFO Epoch 1, Phase train
2019-10-31 17:56:16,020 Main INFO =========================================
2019-10-31 17:56:16,020 Main INFO loss: 0.8027;
2019-10-31 17:56:16,020 Main INFO accuracy: 0.7106;
2019-10-31 17:56:16,021 Main INFO _cls_loss: 1.8278;
2019-10-31 17:56:16,021 Main INFO _cls_accuracy: 0.5402;
2019-10-31 17:58:39,994 Main INFO =========================================
2019-10-31 17:58:39,994 Main INFO Epoch 2, Phase test
2019-10-31 17:58:39,996 Main INFO =========================================
2019-10-31 17:58:39,996 Main INFO loss: 1.0838;
2019-10-31 17:58:39,996 Main INFO accuracy: 0.5707;
2019-10-31 17:58:39,996 Main INFO _cls_loss: 0.0000;
2019-10-31 17:58:39,996 Main INFO _cls_accuracy: 0.0000;
2019-10-31 18:02:09,488 Main INFO =========================================
2019-10-31 18:02:09,488 Main INFO Epoch 2, Phase train
2019-10-31 18:02:09,488 Main INFO =========================================
2019-10-31 18:02:09,488 Main INFO loss: 0.8370;
2019-10-31 18:02:09,488 Main INFO accuracy: 0.6890;
2019-10-31 18:02:09,488 Main INFO _cls_loss: 1.7421;
2019-10-31 18:02:09,488 Main INFO _cls_accuracy: 0.5257;
2019-10-31 18:04:32,886 Main INFO =========================================
2019-10-31 18:04:32,887 Main INFO Epoch 3, Phase test
2019-10-31 18:04:32,887 Main INFO =========================================
2019-10-31 18:04:32,887 Main INFO loss: 1.0883;
2019-10-31 18:04:32,887 Main INFO accuracy: 0.5787;
2019-10-31 18:04:32,887 Main INFO _cls_loss: 0.0000;
2019-10-31 18:04:32,887 Main INFO _cls_accuracy: 0.0000;
2019-10-31 18:07:58,979 Main INFO =========================================
2019-10-31 18:07:58,979 Main INFO Epoch 3, Phase train
2019-10-31 18:07:58,979 Main INFO =========================================
2019-10-31 18:07:58,979 Main INFO loss: 0.8560;
2019-10-31 18:07:58,980 Main INFO accuracy: 0.6898;
2019-10-31 18:07:58,980 Main INFO _cls_loss: 1.7156;
2019-10-31 18:07:58,980 Main INFO _cls_accuracy: 0.5388;
2019-10-31 18:10:17,777 Main INFO =========================================
2019-10-31 18:10:17,777 Main INFO Epoch 4, Phase test
2019-10-31 18:10:17,777 Main INFO =========================================
2019-10-31 18:10:17,777 Main INFO loss: 1.0413;
2019-10-31 18:10:17,777 Main INFO accuracy: 0.5882;
2019-10-31 18:10:17,777 Main INFO _cls_loss: 0.0000;
2019-10-31 18:10:17,777 Main INFO _cls_accuracy: 0.0000;
2019-10-31 18:13:43,054 Main INFO =========================================
2019-10-31 18:13:43,054 Main INFO Epoch 4, Phase train
2019-10-31 18:13:43,055 Main INFO =========================================
2019-10-31 18:13:43,055 Main INFO loss: 0.8320;
2019-10-31 18:13:43,055 Main INFO accuracy: 0.6977;
2019-10-31 18:13:43,055 Main INFO _cls_loss: 1.5911;
2019-10-31 18:13:43,055 Main INFO _cls_accuracy: 0.5724;
2019-10-31 18:16:01,157 Main INFO =========================================
2019-10-31 18:16:01,157 Main INFO Epoch 5, Phase test
2019-10-31 18:16:01,158 Main INFO =========================================
2019-10-31 18:16:01,158 Main INFO loss: 1.1239;
2019-10-31 18:16:01,160 Main INFO accuracy: 0.5691;
2019-10-31 18:16:01,160 Main INFO _cls_loss: 0.0000;
2019-10-31 18:16:01,160 Main INFO _cls_accuracy: 0.0000;
2019-10-31 18:19:01,857 Main INFO =========================================
2019-10-31 18:19:01,858 Main INFO Epoch 5, Phase train
2019-10-31 18:19:01,859 Main INFO =========================================
2019-10-31 18:19:01,859 Main INFO loss: 0.8373;
2019-10-31 18:19:01,859 Main INFO accuracy: 0.7010;
2019-10-31 18:19:01,860 Main INFO _cls_loss: 1.6453;
2019-10-31 18:19:01,860 Main INFO _cls_accuracy: 0.5586;
2019-10-31 18:20:43,093 Main INFO =========================================
2019-10-31 18:20:43,093 Main INFO Epoch 6, Phase test
2019-10-31 18:20:43,093 Main INFO =========================================
2019-10-31 18:20:43,094 Main INFO loss: 1.1299;
2019-10-31 18:20:43,094 Main INFO accuracy: 0.5536;
2019-10-31 18:20:43,094 Main INFO _cls_loss: 0.0000;
2019-10-31 18:20:43,094 Main INFO _cls_accuracy: 0.0000;
2019-10-31 18:23:32,244 Main INFO =========================================
2019-10-31 18:23:32,245 Main INFO Epoch 6, Phase train
2019-10-31 18:23:32,245 Main INFO =========================================
2019-10-31 18:23:32,245 Main INFO loss: 0.9167;
2019-10-31 18:23:32,245 Main INFO accuracy: 0.6682;
2019-10-31 18:23:32,245 Main INFO _cls_loss: 1.7446;
2019-10-31 18:23:32,245 Main INFO _cls_accuracy: 0.5287;
2019-10-31 18:25:38,798 Main INFO =========================================
2019-10-31 18:25:38,799 Main INFO Epoch 7, Phase test
2019-10-31 18:25:38,799 Main INFO =========================================
2019-10-31 18:25:38,799 Main INFO loss: 1.0999;
2019-10-31 18:25:38,799 Main INFO accuracy: 0.5743;
2019-10-31 18:25:38,799 Main INFO _cls_loss: 0.0000;
2019-10-31 18:25:38,799 Main INFO _cls_accuracy: 0.0000;
2019-10-31 18:29:02,653 Main INFO =========================================
2019-10-31 18:29:02,653 Main INFO Epoch 7, Phase train
2019-10-31 18:29:02,653 Main INFO =========================================
2019-10-31 18:29:02,653 Main INFO loss: 0.8450;
2019-10-31 18:29:02,653 Main INFO accuracy: 0.6878;
2019-10-31 18:29:02,654 Main INFO _cls_loss: 1.6783;
2019-10-31 18:29:02,654 Main INFO _cls_accuracy: 0.5509;
2019-10-31 18:31:24,419 Main INFO =========================================
2019-10-31 18:31:24,419 Main INFO Epoch 8, Phase test
2019-10-31 18:31:24,419 Main INFO =========================================
2019-10-31 18:31:24,419 Main INFO loss: 1.1722;
2019-10-31 18:31:24,419 Main INFO accuracy: 0.5329;
2019-10-31 18:31:24,419 Main INFO _cls_loss: 0.0000;
2019-10-31 18:31:24,419 Main INFO _cls_accuracy: 0.0000;
2019-10-31 18:34:50,389 Main INFO =========================================
2019-10-31 18:34:50,389 Main INFO Epoch 8, Phase train
2019-10-31 18:34:50,389 Main INFO =========================================
2019-10-31 18:34:50,389 Main INFO loss: 0.9009;
2019-10-31 18:34:50,389 Main INFO accuracy: 0.6616;
2019-10-31 18:34:50,389 Main INFO _cls_loss: 1.6673;
2019-10-31 18:34:50,389 Main INFO _cls_accuracy: 0.5531;
2019-10-31 18:37:13,287 Main INFO =========================================
2019-10-31 18:37:13,287 Main INFO Epoch 9, Phase test
2019-10-31 18:37:13,287 Main INFO =========================================
2019-10-31 18:37:13,287 Main INFO loss: 1.1558;
2019-10-31 18:37:13,287 Main INFO accuracy: 0.5395;
2019-10-31 18:37:13,287 Main INFO _cls_loss: 0.0000;
2019-10-31 18:37:13,287 Main INFO _cls_accuracy: 0.0000;
2019-10-31 18:40:50,212 Main INFO =========================================
2019-10-31 18:40:50,213 Main INFO Epoch 9, Phase train
2019-10-31 18:40:50,213 Main INFO =========================================
2019-10-31 18:40:50,213 Main INFO loss: 0.8913;
2019-10-31 18:40:50,213 Main INFO accuracy: 0.6798;
2019-10-31 18:40:50,213 Main INFO _cls_loss: 1.6131;
2019-10-31 18:40:50,213 Main INFO _cls_accuracy: 0.5703;
2019-10-31 18:43:04,354 Main INFO =========================================
2019-10-31 18:43:04,354 Main INFO Epoch 10, Phase test
2019-10-31 18:43:04,354 Main INFO =========================================
2019-10-31 18:43:04,354 Main INFO loss: 1.0928;
2019-10-31 18:43:04,354 Main INFO accuracy: 0.5664;
2019-10-31 18:43:04,355 Main INFO _cls_loss: 0.0000;
2019-10-31 18:43:04,355 Main INFO _cls_accuracy: 0.0000;
2019-10-31 18:46:19,973 Main INFO =========================================
2019-10-31 18:46:19,973 Main INFO Epoch 10, Phase train
2019-10-31 18:46:19,973 Main INFO =========================================
2019-10-31 18:46:19,973 Main INFO loss: 0.8654;
2019-10-31 18:46:19,973 Main INFO accuracy: 0.6856;
2019-10-31 18:46:19,974 Main INFO _cls_loss: 1.6284;
2019-10-31 18:46:19,974 Main INFO _cls_accuracy: 0.5576;
2019-10-31 18:48:30,679 Main INFO =========================================
2019-10-31 18:48:30,679 Main INFO Epoch 11, Phase test
2019-10-31 18:48:30,679 Main INFO =========================================
2019-10-31 18:48:30,679 Main INFO loss: 1.0925;
2019-10-31 18:48:30,679 Main INFO accuracy: 0.5740;
2019-10-31 18:48:30,679 Main INFO _cls_loss: 0.0000;
2019-10-31 18:48:30,679 Main INFO _cls_accuracy: 0.0000;
